# JRE version: OpenJDK Runtime Environment (7.0_79-b14) (build 1.7.0_79-b14)
# Java VM: OpenJDK 64-Bit Server VM (24.79-b02 mixed mode linux-amd64 compressed oops)
Heap
 PSYoungGen      total 205312K, used 8673K [0x00000000eaa80000, 0x00000000f7b80000, 0x0000000100000000)
  eden space 196608K, 0% used [0x00000000eaa80000,0x00000000eaa80000,0x00000000f6a80000)
  from space 8704K, 99% used [0x00000000f6a80000,0x00000000f72f8730,0x00000000f7300000)
  to   space 8192K, 0% used [0x00000000f7380000,0x00000000f7380000,0x00000000f7b80000)
 ParOldGen       total 31744K, used 20067K [0x00000000c0000000, 0x00000000c1f00000, 0x00000000eaa80000)
  object space 31744K, 63% used [0x00000000c0000000,0x00000000c1398e28,0x00000000c1f00000)
 PSPermGen       total 32768K, used 32314K [0x00000000b0000000, 0x00000000b2000000, 0x00000000c0000000)
  object space 32768K, 98% used [0x00000000b0000000,0x00000000b1f8ea58,0x00000000b2000000)
GC Heap History (10 events):
Event: 1.827 GC heap after
Heap after GC invocations=4 (full 0):
 PSYoungGen      total 51200K, used 2032K [0x00000000eaa80000, 0x00000000ede80000, 0x0000000100000000)
  eden space 49152K, 0% used [0x00000000eaa80000,0x00000000eaa80000,0x00000000eda80000)
  from space 2048K, 99% used [0x00000000edc80000,0x00000000ede7c010,0x00000000ede80000)
  to   space 2048K, 0% used [0x00000000eda80000,0x00000000eda80000,0x00000000edc80000)
 ParOldGen       total 31744K, used 7103K [0x00000000c0000000, 0x00000000c1f00000, 0x00000000eaa80000)
  object space 31744K, 22% used [0x00000000c0000000,0x00000000c06efeb8,0x00000000c1f00000)
 PSPermGen       total 21504K, used 15794K [0x00000000b0000000, 0x00000000b1500000, 0x00000000c0000000)
  object space 21504K, 73% used [0x00000000b0000000,0x00000000b0f6cbe8,0x00000000b1500000)
}
Event: 3.289 GC heap before
{Heap before GC invocations=5 (full 0):
 PSYoungGen      total 51200K, used 51184K [0x00000000eaa80000, 0x00000000ede80000, 0x0000000100000000)
  eden space 49152K, 100% used [0x00000000eaa80000,0x00000000eda80000,0x00000000eda80000)
  from space 2048K, 99% used [0x00000000edc80000,0x00000000ede7c010,0x00000000ede80000)
  to   space 2048K, 0% used [0x00000000eda80000,0x00000000eda80000,0x00000000edc80000)
 ParOldGen       total 31744K, used 7103K [0x00000000c0000000, 0x00000000c1f00000, 0x00000000eaa80000)
  object space 31744K, 22% used [0x00000000c0000000,0x00000000c06efeb8,0x00000000c1f00000)
 PSPermGen       total 21504K, used 20804K [0x00000000b0000000, 0x00000000b1500000, 0x00000000c0000000)
  object space 21504K, 96% used [0x00000000b0000000,0x00000000b14513a8,0x00000000b1500000)
Event: 3.314 GC heap after
Heap after GC invocations=5 (full 0):
 PSYoungGen      total 51200K, used 2048K [0x00000000eaa80000, 0x00000000f1c80000, 0x0000000100000000)
  eden space 49152K, 0% used [0x00000000eaa80000,0x00000000eaa80000,0x00000000eda80000)
  from space 2048K, 100% used [0x00000000eda80000,0x00000000edc80000,0x00000000edc80000)
  to   space 9216K, 0% used [0x00000000f1380000,0x00000000f1380000,0x00000000f1c80000)
 ParOldGen       total 31744K, used 12812K [0x00000000c0000000, 0x00000000c1f00000, 0x00000000eaa80000)
  object space 31744K, 40% used [0x00000000c0000000,0x00000000c0c83220,0x00000000c1f00000)
 PSPermGen       total 21504K, used 20804K [0x00000000b0000000, 0x00000000b1500000, 0x00000000c0000000)
  object space 21504K, 96% used [0x00000000b0000000,0x00000000b14513a8,0x00000000b1500000)
}
Event: 3.549 GC heap before
{Heap before GC invocations=6 (full 0):
 PSYoungGen      total 51200K, used 51200K [0x00000000eaa80000, 0x00000000f1c80000, 0x0000000100000000)
  eden space 49152K, 100% used [0x00000000eaa80000,0x00000000eda80000,0x00000000eda80000)
  from space 2048K, 100% used [0x00000000eda80000,0x00000000edc80000,0x00000000edc80000)
  to   space 9216K, 0% used [0x00000000f1380000,0x00000000f1380000,0x00000000f1c80000)
 ParOldGen       total 31744K, used 12812K [0x00000000c0000000, 0x00000000c1f00000, 0x00000000eaa80000)
  object space 31744K, 40% used [0x00000000c0000000,0x00000000c0c83220,0x00000000c1f00000)
 PSPermGen       total 21504K, used 20810K [0x00000000b0000000, 0x00000000b1500000, 0x00000000c0000000)
  object space 21504K, 96% used [0x00000000b0000000,0x00000000b1452b40,0x00000000b1500000)
Event: 3.557 GC heap after
Heap after GC invocations=6 (full 0):
 PSYoungGen      total 107520K, used 2352K [0x00000000eaa80000, 0x00000000f1c80000, 0x0000000100000000)
  eden space 98304K, 0% used [0x00000000eaa80000,0x00000000eaa80000,0x00000000f0a80000)
  from space 9216K, 25% used [0x00000000f1380000,0x00000000f15cc010,0x00000000f1c80000)
  to   space 9216K, 0% used [0x00000000f0a80000,0x00000000f0a80000,0x00000000f1380000)
 ParOldGen       total 31744K, used 12812K [0x00000000c0000000, 0x00000000c1f00000, 0x00000000eaa80000)
  object space 31744K, 40% used [0x00000000c0000000,0x00000000c0c83220,0x00000000c1f00000)
 PSPermGen       total 21504K, used 20810K [0x00000000b0000000, 0x00000000b1500000, 0x00000000c0000000)
  object space 21504K, 96% used [0x00000000b0000000,0x00000000b1452b40,0x00000000b1500000)
}
Event: 5.064 GC heap before
{Heap before GC invocations=7 (full 0):
 PSYoungGen      total 107520K, used 100656K [0x00000000eaa80000, 0x00000000f1c80000, 0x0000000100000000)
  eden space 98304K, 100% used [0x00000000eaa80000,0x00000000f0a80000,0x00000000f0a80000)
  from space 9216K, 25% used [0x00000000f1380000,0x00000000f15cc010,0x00000000f1c80000)
  to   space 9216K, 0% used [0x00000000f0a80000,0x00000000f0a80000,0x00000000f1380000)
 ParOldGen       total 31744K, used 12812K [0x00000000c0000000, 0x00000000c1f00000, 0x00000000eaa80000)
  object space 31744K, 40% used [0x00000000c0000000,0x00000000c0c83220,0x00000000c1f00000)
 PSPermGen       total 23552K, used 23255K [0x00000000b0000000, 0x00000000b1700000, 0x00000000c0000000)
  object space 23552K, 98% used [0x00000000b0000000,0x00000000b16b5d18,0x00000000b1700000)
Event: 5.095 GC heap after
Heap after GC invocations=7 (full 0):
 PSYoungGen      total 107520K, used 5668K [0x00000000eaa80000, 0x00000000f7c80000, 0x0000000100000000)
  eden space 98304K, 0% used [0x00000000eaa80000,0x00000000eaa80000,0x00000000f0a80000)
  from space 9216K, 61% used [0x00000000f0a80000,0x00000000f1009178,0x00000000f1380000)
  to   space 9216K, 0% used [0x00000000f7380000,0x00000000f7380000,0x00000000f7c80000)
 ParOldGen       total 31744K, used 13191K [0x00000000c0000000, 0x00000000c1f00000, 0x00000000eaa80000)
  object space 31744K, 41% used [0x00000000c0000000,0x00000000c0ce1d40,0x00000000c1f00000)
 PSPermGen       total 23552K, used 23255K [0x00000000b0000000, 0x00000000b1700000, 0x00000000c0000000)
  object space 23552K, 98% used [0x00000000b0000000,0x00000000b16b5d18,0x00000000b1700000)
}
Event: 5.720 GC heap before
{Heap before GC invocations=8 (full 0):
 PSYoungGen      total 107520K, used 103972K [0x00000000eaa80000, 0x00000000f7c80000, 0x0000000100000000)
  eden space 98304K, 100% used [0x00000000eaa80000,0x00000000f0a80000,0x00000000f0a80000)
  from space 9216K, 61% used [0x00000000f0a80000,0x00000000f1009178,0x00000000f1380000)
  to   space 9216K, 0% used [0x00000000f7380000,0x00000000f7380000,0x00000000f7c80000)
 ParOldGen       total 31744K, used 13191K [0x00000000c0000000, 0x00000000c1f00000, 0x00000000eaa80000)
  object space 31744K, 41% used [0x00000000c0000000,0x00000000c0ce1d40,0x00000000c1f00000)
 PSPermGen       total 24064K, used 23853K [0x00000000b0000000, 0x00000000b1780000, 0x00000000c0000000)
  object space 24064K, 99% used [0x00000000b0000000,0x00000000b174b438,0x00000000b1780000)
Event: 5.737 GC heap after
Heap after GC invocations=8 (full 0):
 PSYoungGen      total 204800K, used 5044K [0x00000000eaa80000, 0x00000000f7b80000, 0x0000000100000000)
  eden space 196608K, 0% used [0x00000000eaa80000,0x00000000eaa80000,0x00000000f6a80000)
  from space 8192K, 61% used [0x00000000f7380000,0x00000000f786d380,0x00000000f7b80000)
  to   space 8704K, 0% used [0x00000000f6a80000,0x00000000f6a80000,0x00000000f7300000)
 ParOldGen       total 31744K, used 14269K [0x00000000c0000000, 0x00000000c1f00000, 0x00000000eaa80000)
  object space 31744K, 44% used [0x00000000c0000000,0x00000000c0def580,0x00000000c1f00000)
 PSPermGen       total 24064K, used 23853K [0x00000000b0000000, 0x00000000b1780000, 0x00000000c0000000)
  object space 24064K, 99% used [0x00000000b0000000,0x00000000b174b438,0x00000000b1780000)
}
Event: 9.420 GC heap before
{Heap before GC invocations=9 (full 0):
 PSYoungGen      total 204800K, used 201652K [0x00000000eaa80000, 0x00000000f7b80000, 0x0000000100000000)
  eden space 196608K, 100% used [0x00000000eaa80000,0x00000000f6a80000,0x00000000f6a80000)
  from space 8192K, 61% used [0x00000000f7380000,0x00000000f786d380,0x00000000f7b80000)
  to   space 8704K, 0% used [0x00000000f6a80000,0x00000000f6a80000,0x00000000f7300000)
 ParOldGen       total 31744K, used 14269K [0x00000000c0000000, 0x00000000c1f00000, 0x00000000eaa80000)
  object space 31744K, 44% used [0x00000000c0000000,0x00000000c0def580,0x00000000c1f00000)
 PSPermGen       total 32768K, used 32314K [0x00000000b0000000, 0x00000000b2000000, 0x00000000c0000000)
  object space 32768K, 98% used [0x00000000b0000000,0x00000000b1f8ea58,0x00000000b2000000)

